<?xml version="1.0" encoding="UTF-8"?>
<!-- Generated by org.testng.reporters.JUnitReportReporter -->
<testsuite hostname="DESKTOP-FADL0SF" failures="0" tests="1" name="com.Listeners.qa.TestNG_Listener$TestNg_Listener" time="64.203" errors="0" timestamp="2023-02-28T19:03:56 IST" skipped="0">
  <testcase classname="com.Listeners.qa.TestNG_Listener$TestNg_Listener" name="testng_listener_Test" time="64.203"/>
  <system-out/>
</testsuite> <!-- com.Listeners.qa.TestNG_Listener$TestNg_Listener -->
